  [4;36;1mSQL (0.2ms)[0m   [0;1m SELECT name
 FROM sqlite_master
 WHERE type = 'table' AND NOT name = 'sqlite_sequence'
[0m
  [4;35;1mSQL (0.1ms)[0m   [0mselect sqlite_version(*)[0m
  [4;36;1mSQL (2.7ms)[0m   [0;1mCREATE TABLE "schema_migrations" ("version" varchar(255) NOT NULL) [0m
  [4;35;1mSQL (2.9ms)[0m   [0mCREATE UNIQUE INDEX "unique_schema_migrations" ON "schema_migrations" ("version")[0m
  [4;36;1mSQL (0.5ms)[0m   [0;1m SELECT name
 FROM sqlite_master
 WHERE type = 'table' AND NOT name = 'sqlite_sequence'
[0m
  [4;35;1mSQL (0.2ms)[0m   [0mSELECT version FROM schema_migrations[0m
Migrating to CreateDiscussions (20090322040757)
  [4;36;1mSQL (0.9ms)[0m   [0;1mCREATE TABLE "discussions" ("id" INTEGER PRIMARY KEY AUTOINCREMENT NOT NULL, "title" varchar(255), "body" text, "rating" integer, "answered" boolean, "created_at" datetime, "updated_at" datetime) [0m
  [4;35;1mSQL (0.2ms)[0m   [0mINSERT INTO schema_migrations (version) VALUES ('20090322040757')[0m
  [4;36;1mSQL (0.3ms)[0m   [0;1m SELECT name
 FROM sqlite_master
 WHERE type = 'table' AND NOT name = 'sqlite_sequence'
[0m
  [4;35;1mSQL (0.1ms)[0m   [0mSELECT version FROM schema_migrations[0m
  [4;36;1mSQL (0.2ms)[0m   [0;1m SELECT name
 FROM sqlite_master
 WHERE type = 'table' AND NOT name = 'sqlite_sequence'
[0m
  [4;35;1mSQL (0.1ms)[0m   [0mPRAGMA index_list("discussions")[0m
  [4;36;1mSQL (0.4ms)[0m   [0;1m SELECT name
 FROM sqlite_master
 WHERE type = 'table' AND NOT name = 'sqlite_sequence'
[0m
  [4;35;1mSQL (0.1ms)[0m   [0mSELECT version FROM schema_migrations[0m
Migrating to CreateDiscussions (20090322040757)
Migrating to CreateDocuments (20090322041110)
  [4;36;1mSQL (0.1ms)[0m   [0;1mselect sqlite_version(*)[0m
  [4;35;1mSQL (0.4ms)[0m   [0mCREATE TABLE "documents" ("id" INTEGER PRIMARY KEY AUTOINCREMENT NOT NULL, "version" integer, "title" varchar(255), "body" text, "rating" integer, "allow_comments" boolean, "created_at" datetime, "updated_at" datetime) [0m
  [4;36;1mSQL (0.1ms)[0m   [0;1mINSERT INTO schema_migrations (version) VALUES ('20090322041110')[0m
  [4;35;1mSQL (0.4ms)[0m   [0m SELECT name
 FROM sqlite_master
 WHERE type = 'table' AND NOT name = 'sqlite_sequence'
[0m
  [4;36;1mSQL (0.4ms)[0m   [0;1mSELECT version FROM schema_migrations[0m
  [4;35;1mSQL (0.2ms)[0m   [0m SELECT name
 FROM sqlite_master
 WHERE type = 'table' AND NOT name = 'sqlite_sequence'
[0m
  [4;36;1mSQL (0.1ms)[0m   [0;1mPRAGMA index_list("discussions")[0m
  [4;35;1mSQL (0.0ms)[0m   [0mPRAGMA index_list("documents")[0m


Processing ApplicationController#index (for 127.0.0.1 at 2009-03-21 22:14:04) [GET]

ActionController::RoutingError (No route matches "/discusions/" with {:method=>:get}):
  

Rendering rescues/layout (not_found)


Processing DiscussionsController#index (for 127.0.0.1 at 2009-03-21 22:14:09) [GET]
  [4;36;1mDiscussion Load (0.4ms)[0m   [0;1mSELECT * FROM "discussions" [0m
Rendering template within layouts/discussions
Rendering discussions/index
Completed in 47ms (View: 43, DB: 0) | 200 OK [http://localhost/discussions/]


Processing DiscussionsController#new (for 127.0.0.1 at 2009-03-21 22:14:13) [GET]
Rendering template within layouts/discussions
Rendering discussions/new
Completed in 54ms (View: 50, DB: 0) | 200 OK [http://localhost/discussions/new]


Processing DiscussionsController#index (for 127.0.0.1 at 2009-03-21 22:14:27) [GET]
  [4;35;1mDiscussion Load (0.3ms)[0m   [0mSELECT * FROM "discussions" [0m
Rendering template within layouts/discussions
Rendering discussions/index
Completed in 5ms (View: 1, DB: 0) | 200 OK [http://localhost/discussions]


Processing DocumentsController#index (for 127.0.0.1 at 2009-03-21 22:14:37) [GET]
  [4;36;1mDocument Load (0.3ms)[0m   [0;1mSELECT * FROM "documents" [0m
Rendering template within layouts/documents
Rendering documents/index
Completed in 12ms (View: 9, DB: 0) | 200 OK [http://localhost/documents]


Processing DocumentsController#new (for 127.0.0.1 at 2009-03-21 22:16:35) [GET]
Rendering template within layouts/documents
Rendering documents/new
Completed in 11ms (View: 6, DB: 0) | 200 OK [http://localhost/documents/new]


Processing ApplicationController#index (for 127.0.0.1 at 2009-03-21 22:17:06) [GET]

ActionController::RoutingError (No route matches "/discusions/" with {:method=>:get}):
  

Rendering rescues/layout (not_found)
  [4;36;1mSQL (0.4ms)[0m   [0;1m SELECT name
 FROM sqlite_master
 WHERE type = 'table' AND NOT name = 'sqlite_sequence'
[0m
  [4;35;1mSQL (0.1ms)[0m   [0mSELECT version FROM schema_migrations[0m
Migrating to CreateDiscussions (20090322040757)
Migrating to CreateDocuments (20090322041110)
Migrating to CreateBlogs (20090322042928)
  [4;36;1mSQL (0.1ms)[0m   [0;1mselect sqlite_version(*)[0m
  [4;35;1mSQL (0.5ms)[0m   [0mCREATE TABLE "blogs" ("id" INTEGER PRIMARY KEY AUTOINCREMENT NOT NULL, "title" varchar(255), "body" text, "created_at" datetime, "updated_at" datetime) [0m
  [4;36;1mSQL (0.1ms)[0m   [0;1mINSERT INTO schema_migrations (version) VALUES ('20090322042928')[0m
  [4;35;1mSQL (0.4ms)[0m   [0m SELECT name
 FROM sqlite_master
 WHERE type = 'table' AND NOT name = 'sqlite_sequence'
[0m
  [4;36;1mSQL (0.3ms)[0m   [0;1mSELECT version FROM schema_migrations[0m
  [4;35;1mSQL (0.3ms)[0m   [0m SELECT name
 FROM sqlite_master
 WHERE type = 'table' AND NOT name = 'sqlite_sequence'
[0m
  [4;36;1mSQL (0.1ms)[0m   [0;1mPRAGMA index_list("blogs")[0m
  [4;35;1mSQL (0.1ms)[0m   [0mPRAGMA index_list("discussions")[0m
  [4;36;1mSQL (0.1ms)[0m   [0;1mPRAGMA index_list("documents")[0m
  [4;36;1mSQL (0.8ms)[0m   [0;1m SELECT name
 FROM sqlite_master
 WHERE type = 'table' AND NOT name = 'sqlite_sequence'
[0m
  [4;35;1mSQL (0.5ms)[0m   [0mSELECT version FROM schema_migrations[0m
Migrating to CreateDiscussions (20090322040757)
Migrating to CreateDocuments (20090322041110)
Migrating to CreateBlogs (20090322042928)
Migrating to AddParentIdToDocuments (20090324042544)
  [4;36;1mSQL (0.2ms)[0m   [0;1mselect sqlite_version(*)[0m
  [4;35;1mSQL (0.7ms)[0m   [0mALTER TABLE "documents" ADD "parent_id" integer[0m
  [4;36;1mSQL (0.2ms)[0m   [0;1mINSERT INTO schema_migrations (version) VALUES ('20090324042544')[0m
  [4;35;1mSQL (0.4ms)[0m   [0m SELECT name
 FROM sqlite_master
 WHERE type = 'table' AND NOT name = 'sqlite_sequence'
[0m
  [4;36;1mSQL (0.2ms)[0m   [0;1mSELECT version FROM schema_migrations[0m
  [4;35;1mSQL (0.2ms)[0m   [0m SELECT name
 FROM sqlite_master
 WHERE type = 'table' AND NOT name = 'sqlite_sequence'
[0m
  [4;36;1mSQL (0.0ms)[0m   [0;1mPRAGMA index_list("blogs")[0m
  [4;35;1mSQL (0.0ms)[0m   [0mPRAGMA index_list("discussions")[0m
  [4;36;1mSQL (0.0ms)[0m   [0;1mPRAGMA index_list("documents")[0m
  [4;36;1mSQL (0.5ms)[0m   [0;1m SELECT name
 FROM sqlite_master
 WHERE type = 'table' AND NOT name = 'sqlite_sequence'
[0m
  [4;35;1mSQL (0.2ms)[0m   [0mSELECT version FROM schema_migrations[0m
  [4;36;1mSQL (0.2ms)[0m   [0;1m SELECT name
 FROM sqlite_master
 WHERE type = 'table' AND NOT name = 'sqlite_sequence'
[0m
  [4;35;1mSQL (0.2ms)[0m   [0mSELECT version FROM schema_migrations[0m
  [4;36;1mSQL (0.5ms)[0m   [0;1m SELECT name
 FROM sqlite_master
 WHERE type = 'table' AND NOT name = 'sqlite_sequence'
[0m
  [4;35;1mSQL (0.2ms)[0m   [0mSELECT version FROM schema_migrations[0m
  [4;36;1mSQL (0.2ms)[0m   [0;1m SELECT name
 FROM sqlite_master
 WHERE type = 'table' AND NOT name = 'sqlite_sequence'
[0m
  [4;35;1mSQL (0.2ms)[0m   [0mSELECT version FROM schema_migrations[0m
Migrating to AddParentIdToDocuments (20090324042544)
  [4;36;1mSQL (0.1ms)[0m   [0;1mselect sqlite_version(*)[0m
  [4;35;1mSQL (0.8ms)[0m   [0mCREATE TEMPORARY TABLE "altered_documents" ("id" INTEGER PRIMARY KEY AUTOINCREMENT NOT NULL, "version" integer, "title" varchar(255), "body" text, "rating" integer, "allow_comments" boolean, "created_at" datetime, "updated_at" datetime, "parent_id" integer) [0m
  [4;36;1mSQL (0.0ms)[0m   [0;1mPRAGMA index_list("documents")[0m
  [4;35;1mSQL (0.3ms)[0m   [0mDROP TABLE "documents"[0m
  [4;36;1mSQL (0.2ms)[0m   [0;1mCREATE TABLE "documents" ("id" INTEGER PRIMARY KEY AUTOINCREMENT NOT NULL, "version" integer, "title" varchar(255), "body" text, "rating" integer, "allow_comments" boolean, "created_at" datetime, "updated_at" datetime) [0m
  [4;35;1mSQL (0.0ms)[0m   [0mPRAGMA index_list("altered_documents")[0m
  [4;36;1mSQL (0.1ms)[0m   [0;1mDROP TABLE "altered_documents"[0m
  [4;35;1mSQL (0.1ms)[0m   [0mDELETE FROM schema_migrations WHERE version = '20090324042544'[0m
  [4;36;1mSQL (0.5ms)[0m   [0;1m SELECT name
 FROM sqlite_master
 WHERE type = 'table' AND NOT name = 'sqlite_sequence'
[0m
  [4;35;1mSQL (0.2ms)[0m   [0mSELECT version FROM schema_migrations[0m
  [4;36;1mSQL (0.3ms)[0m   [0;1m SELECT name
 FROM sqlite_master
 WHERE type = 'table' AND NOT name = 'sqlite_sequence'
[0m
  [4;35;1mSQL (0.1ms)[0m   [0mPRAGMA index_list("blogs")[0m
  [4;36;1mSQL (0.0ms)[0m   [0;1mPRAGMA index_list("discussions")[0m
  [4;35;1mSQL (0.0ms)[0m   [0mPRAGMA index_list("documents")[0m
  [4;36;1mSQL (0.5ms)[0m   [0;1m SELECT name
 FROM sqlite_master
 WHERE type = 'table' AND NOT name = 'sqlite_sequence'
[0m
  [4;35;1mSQL (0.2ms)[0m   [0mSELECT version FROM schema_migrations[0m
Migrating to CreateDiscussions (20090322040757)
Migrating to CreateDocuments (20090322041110)
Migrating to CreateBlogs (20090322042928)
Migrating to AddParentIdToDocuments (20090324042544)
  [4;36;1mSQL (0.1ms)[0m   [0;1mselect sqlite_version(*)[0m
  [4;35;1mSQL (0.5ms)[0m   [0mALTER TABLE "discussions" ADD "parent_id" integer[0m
  [4;36;1mSQL (0.1ms)[0m   [0;1mINSERT INTO schema_migrations (version) VALUES ('20090324042544')[0m
  [4;35;1mSQL (0.4ms)[0m   [0m SELECT name
 FROM sqlite_master
 WHERE type = 'table' AND NOT name = 'sqlite_sequence'
[0m
  [4;36;1mSQL (0.3ms)[0m   [0;1mSELECT version FROM schema_migrations[0m
  [4;35;1mSQL (0.3ms)[0m   [0m SELECT name
 FROM sqlite_master
 WHERE type = 'table' AND NOT name = 'sqlite_sequence'
[0m
  [4;36;1mSQL (0.1ms)[0m   [0;1mPRAGMA index_list("blogs")[0m
  [4;35;1mSQL (0.1ms)[0m   [0mPRAGMA index_list("discussions")[0m
  [4;36;1mSQL (0.1ms)[0m   [0;1mPRAGMA index_list("documents")[0m
  [4;36;1mSQL (0.5ms)[0m   [0;1m SELECT name
 FROM sqlite_master
 WHERE type = 'table' AND NOT name = 'sqlite_sequence'
[0m
  [4;35;1mSQL (0.2ms)[0m   [0mSELECT version FROM schema_migrations[0m
Migrating to CreateDiscussions (20090322040757)
Migrating to CreateDocuments (20090322041110)
Migrating to CreateBlogs (20090322042928)
Migrating to AddParentIdToDocuments (20090324042544)
Migrating to CreateBlogComments (20090324043849)
  [4;36;1mSQL (0.1ms)[0m   [0;1mselect sqlite_version(*)[0m
  [4;35;1mSQL (0.4ms)[0m   [0mCREATE TABLE "blog_comments" ("id" INTEGER PRIMARY KEY AUTOINCREMENT NOT NULL, "body" text, "user_id" integer, "created_at" datetime, "updated_at" datetime) [0m
  [4;36;1mSQL (0.1ms)[0m   [0;1mINSERT INTO schema_migrations (version) VALUES ('20090324043849')[0m
Migrating to CreateUsers (20090324044425)
  [4;35;1mSQL (0.4ms)[0m   [0m SELECT name
 FROM sqlite_master
 WHERE type = 'table' AND NOT name = 'sqlite_sequence'
[0m
  [4;36;1mSQL (0.5ms)[0m   [0;1mCREATE TABLE "users" ("id" INTEGER PRIMARY KEY AUTOINCREMENT NOT NULL, "login" varchar(40), "name" varchar(100) DEFAULT '', "email" varchar(100), "crypted_password" varchar(40), "salt" varchar(40), "created_at" datetime, "updated_at" datetime, "remember_token" varchar(40), "remember_token_expires_at" datetime) [0m
  [4;35;1mSQL (2.0ms)[0m   [0mCREATE UNIQUE INDEX "index_users_on_login" ON "users" ("login")[0m
  [4;36;1mSQL (0.1ms)[0m   [0;1mINSERT INTO schema_migrations (version) VALUES ('20090324044425')[0m
  [4;35;1mSQL (0.3ms)[0m   [0m SELECT name
 FROM sqlite_master
 WHERE type = 'table' AND NOT name = 'sqlite_sequence'
[0m
  [4;36;1mSQL (0.2ms)[0m   [0;1mSELECT version FROM schema_migrations[0m
  [4;35;1mSQL (0.2ms)[0m   [0m SELECT name
 FROM sqlite_master
 WHERE type = 'table' AND NOT name = 'sqlite_sequence'
[0m
  [4;36;1mSQL (0.0ms)[0m   [0;1mPRAGMA index_list("blog_comments")[0m
  [4;35;1mSQL (0.0ms)[0m   [0mPRAGMA index_list("blogs")[0m
  [4;36;1mSQL (0.0ms)[0m   [0;1mPRAGMA index_list("discussions")[0m
  [4;35;1mSQL (0.0ms)[0m   [0mPRAGMA index_list("documents")[0m
  [4;36;1mSQL (0.1ms)[0m   [0;1mPRAGMA index_list("users")[0m
  [4;35;1mSQL (0.1ms)[0m   [0mPRAGMA index_info('index_users_on_login')[0m
  [4;36;1mSQL (0.6ms)[0m   [0;1m SELECT name
 FROM sqlite_master
 WHERE type = 'table' AND NOT name = 'sqlite_sequence'
[0m
  [4;35;1mSQL (0.2ms)[0m   [0mSELECT version FROM schema_migrations[0m
Migrating to CreateDiscussions (20090322040757)
Migrating to CreateDocuments (20090322041110)
Migrating to CreateBlogs (20090322042928)
Migrating to AddParentIdToDocuments (20090324042544)
Migrating to CreateBlogComments (20090324043849)
Migrating to CreateUsers (20090324044425)
Migrating to AddAuthorIdToBlog (20090324044638)
  [4;36;1mSQL (0.1ms)[0m   [0;1mselect sqlite_version(*)[0m
  [4;35;1mSQL (0.5ms)[0m   [0mALTER TABLE "blogs" ADD "author_id" integer[0m
  [4;36;1mSQL (0.1ms)[0m   [0;1mINSERT INTO schema_migrations (version) VALUES ('20090324044638')[0m
Migrating to AddAuthorIdAndIndexToDocument (20090324045014)
  [4;35;1mSQL (0.5ms)[0m   [0mALTER TABLE "documents" ADD "user_id" integer[0m
  [4;36;1mSQL (0.6ms)[0m   [0;1m SELECT name
 FROM sqlite_master
 WHERE type = 'table' AND NOT name = 'sqlite_sequence'
[0m
  [4;35;1mSQL (0.2ms)[0m   [0mSELECT version FROM schema_migrations[0m
Migrating to CreateDiscussions (20090322040757)
Migrating to CreateDocuments (20090322041110)
Migrating to CreateBlogs (20090322042928)
Migrating to AddParentIdToDocuments (20090324042544)
Migrating to CreateBlogComments (20090324043849)
Migrating to CreateUsers (20090324044425)
Migrating to AddAuthorIdToBlog (20090324044638)
Migrating to AddAuthorIdAndIndexToDocument (20090324045014)
  [4;36;1mSQL (0.1ms)[0m   [0;1mselect sqlite_version(*)[0m
  [4;35;1mSQL (0.6ms)[0m   [0mALTER TABLE "documents" ADD "user_id" integer[0m
  [4;36;1mSQL (0.2ms)[0m   [0;1mALTER TABLE "discussions" ADD "author_id" user_id[0m
  [4;36;1mSQL (0.6ms)[0m   [0;1m SELECT name
 FROM sqlite_master
 WHERE type = 'table' AND NOT name = 'sqlite_sequence'
[0m
  [4;35;1mSQL (0.2ms)[0m   [0mSELECT version FROM schema_migrations[0m
Migrating to CreateDiscussions (20090322040757)
Migrating to CreateDocuments (20090322041110)
Migrating to CreateBlogs (20090322042928)
Migrating to AddParentIdToDocuments (20090324042544)
Migrating to CreateBlogComments (20090324043849)
Migrating to CreateUsers (20090324044425)
Migrating to AddAuthorIdToBlog (20090324044638)
Migrating to AddAuthorIdAndIndexToDocument (20090324045014)
  [4;36;1mSQL (0.1ms)[0m   [0;1mselect sqlite_version(*)[0m
  [4;35;1mSQL (0.4ms)[0m   [0mALTER TABLE "documents" ADD "user_id" integer[0m
  [4;36;1mSQL (0.2ms)[0m   [0;1mALTER TABLE "discussions" ADD "author_id" user_id[0m
  [4;36;1mSQL (0.6ms)[0m   [0;1m SELECT name
 FROM sqlite_master
 WHERE type = 'table' AND NOT name = 'sqlite_sequence'
[0m
  [4;35;1mSQL (0.2ms)[0m   [0mSELECT version FROM schema_migrations[0m
Migrating to CreateDiscussions (20090322040757)
Migrating to CreateDocuments (20090322041110)
Migrating to CreateBlogs (20090322042928)
Migrating to AddParentIdToDocuments (20090324042544)
Migrating to CreateBlogComments (20090324043849)
Migrating to CreateUsers (20090324044425)
Migrating to AddAuthorIdToBlog (20090324044638)
Migrating to AddAuthorIdAndIndexToDocument (20090324045014)
  [4;36;1mSQL (0.1ms)[0m   [0;1mselect sqlite_version(*)[0m
  [4;35;1mSQL (0.6ms)[0m   [0mALTER TABLE "documents" ADD "user_id" integer[0m
  [4;36;1mSQL (0.6ms)[0m   [0;1m SELECT name
 FROM sqlite_master
 WHERE type = 'table' AND NOT name = 'sqlite_sequence'
[0m
  [4;35;1mSQL (0.2ms)[0m   [0mSELECT version FROM schema_migrations[0m
Migrating to CreateDiscussions (20090322040757)
Migrating to CreateDocuments (20090322041110)
Migrating to CreateBlogs (20090322042928)
Migrating to AddParentIdToDocuments (20090324042544)
Migrating to CreateBlogComments (20090324043849)
Migrating to CreateUsers (20090324044425)
Migrating to AddAuthorIdToBlog (20090324044638)
Migrating to AddAuthorIdAndIndexToDocument (20090324045014)
  [4;36;1mSQL (0.1ms)[0m   [0;1mselect sqlite_version(*)[0m
  [4;35;1mSQL (0.4ms)[0m   [0mALTER TABLE "documents" ADD "user_id" integer[0m
  [4;36;1mSQL (0.2ms)[0m   [0;1mALTER TABLE "discussions" ADD "user_id" integer[0m
  [4;35;1mSQL (0.1ms)[0m   [0mALTER TABLE "blogs" ADD "user_id" integer[0m
  [4;36;1mSQL (0.1ms)[0m   [0;1mINSERT INTO schema_migrations (version) VALUES ('20090324045014')[0m
  [4;35;1mSQL (0.4ms)[0m   [0m SELECT name
 FROM sqlite_master
 WHERE type = 'table' AND NOT name = 'sqlite_sequence'
[0m
  [4;36;1mSQL (0.3ms)[0m   [0;1mSELECT version FROM schema_migrations[0m
  [4;35;1mSQL (0.3ms)[0m   [0m SELECT name
 FROM sqlite_master
 WHERE type = 'table' AND NOT name = 'sqlite_sequence'
[0m
  [4;36;1mSQL (0.0ms)[0m   [0;1mPRAGMA index_list("blog_comments")[0m
  [4;35;1mSQL (0.1ms)[0m   [0mPRAGMA index_list("blogs")[0m
  [4;36;1mSQL (0.1ms)[0m   [0;1mPRAGMA index_list("discussions")[0m
  [4;35;1mSQL (0.1ms)[0m   [0mPRAGMA index_list("documents")[0m
  [4;36;1mSQL (0.1ms)[0m   [0;1mPRAGMA index_list("users")[0m
  [4;35;1mSQL (0.1ms)[0m   [0mPRAGMA index_info('index_users_on_login')[0m
  [4;36;1mSQL (0.9ms)[0m   [0;1m SELECT name
 FROM sqlite_master
 WHERE type = 'table' AND NOT name = 'sqlite_sequence'
[0m
  [4;35;1mSQL (0.6ms)[0m   [0mSELECT version FROM schema_migrations[0m
Migrating to CreateDiscussions (20090322040757)
Migrating to CreateDocuments (20090322041110)
Migrating to CreateBlogs (20090322042928)
Migrating to AddParentIdToDocuments (20090324042544)
Migrating to CreateBlogComments (20090324043849)
Migrating to CreateUsers (20090324044425)
Migrating to AddAuthorIdToBlog (20090324044638)
Migrating to AddAuthorIdAndIndexToDocument (20090324045014)
Migrating to AddBlogIdToBlogComments (20090325050718)
  [4;36;1mSQL (0.2ms)[0m   [0;1mselect sqlite_version(*)[0m
  [4;35;1mSQL (0.7ms)[0m   [0mALTER TABLE "blog_comments" ADD "blog_id" integer[0m
  [4;36;1mSQL (0.2ms)[0m   [0;1mINSERT INTO schema_migrations (version) VALUES ('20090325050718')[0m
Migrating to CreateDiscussionCommentTable (20090325050953)
  [4;35;1mSQL (0.5ms)[0m   [0mINSERT INTO schema_migrations (version) VALUES ('20090325050953')[0m
  [4;36;1mSQL (0.4ms)[0m   [0;1m SELECT name
 FROM sqlite_master
 WHERE type = 'table' AND NOT name = 'sqlite_sequence'
[0m
  [4;35;1mSQL (0.4ms)[0m   [0mSELECT version FROM schema_migrations[0m
  [4;36;1mSQL (0.3ms)[0m   [0;1m SELECT name
 FROM sqlite_master
 WHERE type = 'table' AND NOT name = 'sqlite_sequence'
[0m
  [4;35;1mSQL (0.1ms)[0m   [0mPRAGMA index_list("blog_comments")[0m
  [4;36;1mSQL (0.1ms)[0m   [0;1mPRAGMA index_list("blogs")[0m
  [4;35;1mSQL (0.1ms)[0m   [0mPRAGMA index_list("discussions")[0m
  [4;36;1mSQL (0.0ms)[0m   [0;1mPRAGMA index_list("documents")[0m
  [4;35;1mSQL (0.1ms)[0m   [0mPRAGMA index_list("users")[0m
  [4;36;1mSQL (0.1ms)[0m   [0;1mPRAGMA index_info('index_users_on_login')[0m
  [4;36;1mSQL (0.7ms)[0m   [0;1m SELECT name
 FROM sqlite_master
 WHERE type = 'table' AND NOT name = 'sqlite_sequence'
[0m
  [4;35;1mSQL (0.3ms)[0m   [0mSELECT version FROM schema_migrations[0m
Migrating to CreateDiscussions (20090322040757)
Migrating to CreateDocuments (20090322041110)
Migrating to CreateBlogs (20090322042928)
Migrating to AddParentIdToDocuments (20090324042544)
Migrating to CreateBlogComments (20090324043849)
Migrating to CreateUsers (20090324044425)
Migrating to AddAuthorIdToBlog (20090324044638)
Migrating to AddAuthorIdAndIndexToDocument (20090324045014)
Migrating to AddBlogIdToBlogComments (20090325050718)
Migrating to CreateDocumentComments (20090325051318)
  [4;36;1mSQL (0.1ms)[0m   [0;1mselect sqlite_version(*)[0m
  [4;35;1mSQL (0.3ms)[0m   [0m SELECT name
 FROM sqlite_master
 WHERE type = 'table' AND NOT name = 'sqlite_sequence'
[0m
  [4;36;1mSQL (0.5ms)[0m   [0;1mCREATE TABLE "document_comments" ("id" INTEGER PRIMARY KEY AUTOINCREMENT NOT NULL, "body" text, "document_id" integer, "user_id" integer, "created_at" datetime, "updated_at" datetime) [0m
  [4;35;1mSQL (0.1ms)[0m   [0mINSERT INTO schema_migrations (version) VALUES ('20090325051318')[0m
  [4;36;1mSQL (0.3ms)[0m   [0;1m SELECT name
 FROM sqlite_master
 WHERE type = 'table' AND NOT name = 'sqlite_sequence'
[0m
  [4;35;1mSQL (0.3ms)[0m   [0mSELECT version FROM schema_migrations[0m
  [4;36;1mSQL (0.3ms)[0m   [0;1m SELECT name
 FROM sqlite_master
 WHERE type = 'table' AND NOT name = 'sqlite_sequence'
[0m
  [4;35;1mSQL (0.0ms)[0m   [0mPRAGMA index_list("blog_comments")[0m
  [4;36;1mSQL (0.1ms)[0m   [0;1mPRAGMA index_list("blogs")[0m
  [4;35;1mSQL (0.0ms)[0m   [0mPRAGMA index_list("discussions")[0m
  [4;36;1mSQL (0.0ms)[0m   [0;1mPRAGMA index_list("document_comments")[0m
  [4;35;1mSQL (0.0ms)[0m   [0mPRAGMA index_list("documents")[0m
  [4;36;1mSQL (0.1ms)[0m   [0;1mPRAGMA index_list("users")[0m
  [4;35;1mSQL (0.1ms)[0m   [0mPRAGMA index_info('index_users_on_login')[0m


Processing DashboardController#index (for ::1 at 2009-03-24 23:46:49) [GET]
  Parameters: {"action"=>"index", "controller"=>"dashboard"}
Rendering template within layouts/application
Rendering dashboard/index
Completed in 34ms (View: 32, DB: 0) | 200 OK [http://localhost/]


Processing ApplicationController#index (for ::1 at 2009-03-24 23:46:49) [GET]

ActionController::RoutingError (No route matches "/public/stylesheets/default.css" with {:method=>:get}):
  /System/Library/Frameworks/Ruby.framework/Versions/1.8/usr/lib/ruby/1.8/webrick/httpserver.rb:104:in `service'
  /System/Library/Frameworks/Ruby.framework/Versions/1.8/usr/lib/ruby/1.8/webrick/httpserver.rb:65:in `run'
  /System/Library/Frameworks/Ruby.framework/Versions/1.8/usr/lib/ruby/1.8/webrick/server.rb:173:in `start_thread'
  /System/Library/Frameworks/Ruby.framework/Versions/1.8/usr/lib/ruby/1.8/webrick/server.rb:162:in `start'
  /System/Library/Frameworks/Ruby.framework/Versions/1.8/usr/lib/ruby/1.8/webrick/server.rb:162:in `start_thread'
  /System/Library/Frameworks/Ruby.framework/Versions/1.8/usr/lib/ruby/1.8/webrick/server.rb:95:in `start'
  /System/Library/Frameworks/Ruby.framework/Versions/1.8/usr/lib/ruby/1.8/webrick/server.rb:92:in `each'
  /System/Library/Frameworks/Ruby.framework/Versions/1.8/usr/lib/ruby/1.8/webrick/server.rb:92:in `start'
  /System/Library/Frameworks/Ruby.framework/Versions/1.8/usr/lib/ruby/1.8/webrick/server.rb:23:in `start'
  /System/Library/Frameworks/Ruby.framework/Versions/1.8/usr/lib/ruby/1.8/webrick/server.rb:82:in `start'

Rendering rescues/layout (not_found)


Processing ApplicationController#index (for ::1 at 2009-03-24 23:46:49) [GET]

ActionController::RoutingError (No route matches "/javascript/jquery-1.3.1.js" with {:method=>:get}):
  /System/Library/Frameworks/Ruby.framework/Versions/1.8/usr/lib/ruby/1.8/webrick/httpserver.rb:104:in `service'
  /System/Library/Frameworks/Ruby.framework/Versions/1.8/usr/lib/ruby/1.8/webrick/httpserver.rb:65:in `run'
  /System/Library/Frameworks/Ruby.framework/Versions/1.8/usr/lib/ruby/1.8/webrick/server.rb:173:in `start_thread'
  /System/Library/Frameworks/Ruby.framework/Versions/1.8/usr/lib/ruby/1.8/webrick/server.rb:162:in `start'
  /System/Library/Frameworks/Ruby.framework/Versions/1.8/usr/lib/ruby/1.8/webrick/server.rb:162:in `start_thread'
  /System/Library/Frameworks/Ruby.framework/Versions/1.8/usr/lib/ruby/1.8/webrick/server.rb:95:in `start'
  /System/Library/Frameworks/Ruby.framework/Versions/1.8/usr/lib/ruby/1.8/webrick/server.rb:92:in `each'
  /System/Library/Frameworks/Ruby.framework/Versions/1.8/usr/lib/ruby/1.8/webrick/server.rb:92:in `start'
  /System/Library/Frameworks/Ruby.framework/Versions/1.8/usr/lib/ruby/1.8/webrick/server.rb:23:in `start'
  /System/Library/Frameworks/Ruby.framework/Versions/1.8/usr/lib/ruby/1.8/webrick/server.rb:82:in `start'

Rendering rescues/layout (not_found)


Processing ApplicationController#index (for ::1 at 2009-03-24 23:46:49) [GET]

ActionController::RoutingError (No route matches "/javascript/application.js" with {:method=>:get}):
  /System/Library/Frameworks/Ruby.framework/Versions/1.8/usr/lib/ruby/1.8/webrick/httpserver.rb:104:in `service'
  /System/Library/Frameworks/Ruby.framework/Versions/1.8/usr/lib/ruby/1.8/webrick/httpserver.rb:65:in `run'
  /System/Library/Frameworks/Ruby.framework/Versions/1.8/usr/lib/ruby/1.8/webrick/server.rb:173:in `start_thread'
  /System/Library/Frameworks/Ruby.framework/Versions/1.8/usr/lib/ruby/1.8/webrick/server.rb:162:in `start'
  /System/Library/Frameworks/Ruby.framework/Versions/1.8/usr/lib/ruby/1.8/webrick/server.rb:162:in `start_thread'
  /System/Library/Frameworks/Ruby.framework/Versions/1.8/usr/lib/ruby/1.8/webrick/server.rb:95:in `start'
  /System/Library/Frameworks/Ruby.framework/Versions/1.8/usr/lib/ruby/1.8/webrick/server.rb:92:in `each'
  /System/Library/Frameworks/Ruby.framework/Versions/1.8/usr/lib/ruby/1.8/webrick/server.rb:92:in `start'
  /System/Library/Frameworks/Ruby.framework/Versions/1.8/usr/lib/ruby/1.8/webrick/server.rb:23:in `start'
  /System/Library/Frameworks/Ruby.framework/Versions/1.8/usr/lib/ruby/1.8/webrick/server.rb:82:in `start'

Rendering rescues/layout (not_found)


Processing SessionsController#new (for ::1 at 2009-03-24 23:50:27) [GET]
  Parameters: {"action"=>"new", "controller"=>"sessions"}
Rendering template within layouts/application
Rendering sessions/new
Completed in 86ms (View: 84, DB: 0) | 200 OK [http://localhost/login]


Processing ApplicationController#index (for ::1 at 2009-03-24 23:50:27) [GET]

ActionController::RoutingError (No route matches "/public/stylesheets/default.css" with {:method=>:get}):
  /System/Library/Frameworks/Ruby.framework/Versions/1.8/usr/lib/ruby/1.8/webrick/httpserver.rb:104:in `service'
  /System/Library/Frameworks/Ruby.framework/Versions/1.8/usr/lib/ruby/1.8/webrick/httpserver.rb:65:in `run'
  /System/Library/Frameworks/Ruby.framework/Versions/1.8/usr/lib/ruby/1.8/webrick/server.rb:173:in `start_thread'
  /System/Library/Frameworks/Ruby.framework/Versions/1.8/usr/lib/ruby/1.8/webrick/server.rb:162:in `start'
  /System/Library/Frameworks/Ruby.framework/Versions/1.8/usr/lib/ruby/1.8/webrick/server.rb:162:in `start_thread'
  /System/Library/Frameworks/Ruby.framework/Versions/1.8/usr/lib/ruby/1.8/webrick/server.rb:95:in `start'
  /System/Library/Frameworks/Ruby.framework/Versions/1.8/usr/lib/ruby/1.8/webrick/server.rb:92:in `each'
  /System/Library/Frameworks/Ruby.framework/Versions/1.8/usr/lib/ruby/1.8/webrick/server.rb:92:in `start'
  /System/Library/Frameworks/Ruby.framework/Versions/1.8/usr/lib/ruby/1.8/webrick/server.rb:23:in `start'
  /System/Library/Frameworks/Ruby.framework/Versions/1.8/usr/lib/ruby/1.8/webrick/server.rb:82:in `start'

Rendering rescues/layout (not_found)


Processing ApplicationController#index (for ::1 at 2009-03-24 23:50:27) [GET]

ActionController::RoutingError (No route matches "/javascript/jquery-1.3.1.js" with {:method=>:get}):
  /System/Library/Frameworks/Ruby.framework/Versions/1.8/usr/lib/ruby/1.8/webrick/httpserver.rb:104:in `service'
  /System/Library/Frameworks/Ruby.framework/Versions/1.8/usr/lib/ruby/1.8/webrick/httpserver.rb:65:in `run'
  /System/Library/Frameworks/Ruby.framework/Versions/1.8/usr/lib/ruby/1.8/webrick/server.rb:173:in `start_thread'
  /System/Library/Frameworks/Ruby.framework/Versions/1.8/usr/lib/ruby/1.8/webrick/server.rb:162:in `start'
  /System/Library/Frameworks/Ruby.framework/Versions/1.8/usr/lib/ruby/1.8/webrick/server.rb:162:in `start_thread'
  /System/Library/Frameworks/Ruby.framework/Versions/1.8/usr/lib/ruby/1.8/webrick/server.rb:95:in `start'
  /System/Library/Frameworks/Ruby.framework/Versions/1.8/usr/lib/ruby/1.8/webrick/server.rb:92:in `each'
  /System/Library/Frameworks/Ruby.framework/Versions/1.8/usr/lib/ruby/1.8/webrick/server.rb:92:in `start'
  /System/Library/Frameworks/Ruby.framework/Versions/1.8/usr/lib/ruby/1.8/webrick/server.rb:23:in `start'
  /System/Library/Frameworks/Ruby.framework/Versions/1.8/usr/lib/ruby/1.8/webrick/server.rb:82:in `start'

Rendering rescues/layout (not_found)


Processing ApplicationController#index (for ::1 at 2009-03-24 23:50:27) [GET]

ActionController::RoutingError (No route matches "/javascript/application.js" with {:method=>:get}):
  /System/Library/Frameworks/Ruby.framework/Versions/1.8/usr/lib/ruby/1.8/webrick/httpserver.rb:104:in `service'
  /System/Library/Frameworks/Ruby.framework/Versions/1.8/usr/lib/ruby/1.8/webrick/httpserver.rb:65:in `run'
  /System/Library/Frameworks/Ruby.framework/Versions/1.8/usr/lib/ruby/1.8/webrick/server.rb:173:in `start_thread'
  /System/Library/Frameworks/Ruby.framework/Versions/1.8/usr/lib/ruby/1.8/webrick/server.rb:162:in `start'
  /System/Library/Frameworks/Ruby.framework/Versions/1.8/usr/lib/ruby/1.8/webrick/server.rb:162:in `start_thread'
  /System/Library/Frameworks/Ruby.framework/Versions/1.8/usr/lib/ruby/1.8/webrick/server.rb:95:in `start'
  /System/Library/Frameworks/Ruby.framework/Versions/1.8/usr/lib/ruby/1.8/webrick/server.rb:92:in `each'
  /System/Library/Frameworks/Ruby.framework/Versions/1.8/usr/lib/ruby/1.8/webrick/server.rb:92:in `start'
  /System/Library/Frameworks/Ruby.framework/Versions/1.8/usr/lib/ruby/1.8/webrick/server.rb:23:in `start'
  /System/Library/Frameworks/Ruby.framework/Versions/1.8/usr/lib/ruby/1.8/webrick/server.rb:82:in `start'

Rendering rescues/layout (not_found)


Processing SessionsController#new (for ::1 at 2009-03-24 23:50:48) [GET]
  Parameters: {"action"=>"new", "controller"=>"sessions"}
Rendering template within layouts/application
Rendering sessions/new
Completed in 9ms (View: 7, DB: 0) | 200 OK [http://localhost/sessions/new]


Processing ApplicationController#index (for ::1 at 2009-03-24 23:50:48) [GET]

ActionController::RoutingError (No route matches "/public/stylesheets/default.css" with {:method=>:get}):
  /System/Library/Frameworks/Ruby.framework/Versions/1.8/usr/lib/ruby/1.8/webrick/httpserver.rb:104:in `service'
  /System/Library/Frameworks/Ruby.framework/Versions/1.8/usr/lib/ruby/1.8/webrick/httpserver.rb:65:in `run'
  /System/Library/Frameworks/Ruby.framework/Versions/1.8/usr/lib/ruby/1.8/webrick/server.rb:173:in `start_thread'
  /System/Library/Frameworks/Ruby.framework/Versions/1.8/usr/lib/ruby/1.8/webrick/server.rb:162:in `start'
  /System/Library/Frameworks/Ruby.framework/Versions/1.8/usr/lib/ruby/1.8/webrick/server.rb:162:in `start_thread'
  /System/Library/Frameworks/Ruby.framework/Versions/1.8/usr/lib/ruby/1.8/webrick/server.rb:95:in `start'
  /System/Library/Frameworks/Ruby.framework/Versions/1.8/usr/lib/ruby/1.8/webrick/server.rb:92:in `each'
  /System/Library/Frameworks/Ruby.framework/Versions/1.8/usr/lib/ruby/1.8/webrick/server.rb:92:in `start'
  /System/Library/Frameworks/Ruby.framework/Versions/1.8/usr/lib/ruby/1.8/webrick/server.rb:23:in `start'
  /System/Library/Frameworks/Ruby.framework/Versions/1.8/usr/lib/ruby/1.8/webrick/server.rb:82:in `start'

Rendering rescues/layout (not_found)


Processing ApplicationController#index (for ::1 at 2009-03-24 23:50:48) [GET]

ActionController::RoutingError (No route matches "/sessions/javascript/jquery-1.3.1.js" with {:method=>:get}):
  /System/Library/Frameworks/Ruby.framework/Versions/1.8/usr/lib/ruby/1.8/webrick/httpserver.rb:104:in `service'
  /System/Library/Frameworks/Ruby.framework/Versions/1.8/usr/lib/ruby/1.8/webrick/httpserver.rb:65:in `run'
  /System/Library/Frameworks/Ruby.framework/Versions/1.8/usr/lib/ruby/1.8/webrick/server.rb:173:in `start_thread'
  /System/Library/Frameworks/Ruby.framework/Versions/1.8/usr/lib/ruby/1.8/webrick/server.rb:162:in `start'
  /System/Library/Frameworks/Ruby.framework/Versions/1.8/usr/lib/ruby/1.8/webrick/server.rb:162:in `start_thread'
  /System/Library/Frameworks/Ruby.framework/Versions/1.8/usr/lib/ruby/1.8/webrick/server.rb:95:in `start'
  /System/Library/Frameworks/Ruby.framework/Versions/1.8/usr/lib/ruby/1.8/webrick/server.rb:92:in `each'
  /System/Library/Frameworks/Ruby.framework/Versions/1.8/usr/lib/ruby/1.8/webrick/server.rb:92:in `start'
  /System/Library/Frameworks/Ruby.framework/Versions/1.8/usr/lib/ruby/1.8/webrick/server.rb:23:in `start'
  /System/Library/Frameworks/Ruby.framework/Versions/1.8/usr/lib/ruby/1.8/webrick/server.rb:82:in `start'

Rendering rescues/layout (not_found)


Processing SessionsController#javascript to js (for ::1 at 2009-03-24 23:50:48) [GET]
  Parameters: {"format"=>"js", "action"=>"javascript", "id"=>"application", "controller"=>"sessions"}

ActionController::UnknownAction (No action responded to javascript. Actions: create, destroy, and new):
  /System/Library/Frameworks/Ruby.framework/Versions/1.8/usr/lib/ruby/1.8/webrick/httpserver.rb:104:in `service'
  /System/Library/Frameworks/Ruby.framework/Versions/1.8/usr/lib/ruby/1.8/webrick/httpserver.rb:65:in `run'
  /System/Library/Frameworks/Ruby.framework/Versions/1.8/usr/lib/ruby/1.8/webrick/server.rb:173:in `start_thread'
  /System/Library/Frameworks/Ruby.framework/Versions/1.8/usr/lib/ruby/1.8/webrick/server.rb:162:in `start'
  /System/Library/Frameworks/Ruby.framework/Versions/1.8/usr/lib/ruby/1.8/webrick/server.rb:162:in `start_thread'
  /System/Library/Frameworks/Ruby.framework/Versions/1.8/usr/lib/ruby/1.8/webrick/server.rb:95:in `start'
  /System/Library/Frameworks/Ruby.framework/Versions/1.8/usr/lib/ruby/1.8/webrick/server.rb:92:in `each'
  /System/Library/Frameworks/Ruby.framework/Versions/1.8/usr/lib/ruby/1.8/webrick/server.rb:92:in `start'
  /System/Library/Frameworks/Ruby.framework/Versions/1.8/usr/lib/ruby/1.8/webrick/server.rb:23:in `start'
  /System/Library/Frameworks/Ruby.framework/Versions/1.8/usr/lib/ruby/1.8/webrick/server.rb:82:in `start'

Rendering rescues/layout (not_found)


Processing SessionsController#new (for ::1 at 2009-03-24 23:54:32) [GET]
  Parameters: {"action"=>"new", "controller"=>"sessions"}
Rendering template within layouts/application
Rendering sessions/new
Completed in 9ms (View: 7, DB: 0) | 200 OK [http://localhost/sessions/new]


Processing ApplicationController#index (for ::1 at 2009-03-24 23:54:32) [GET]

ActionController::RoutingError (No route matches "/sessions/javascript/jquery-1.3.1.js" with {:method=>:get}):
  /System/Library/Frameworks/Ruby.framework/Versions/1.8/usr/lib/ruby/1.8/webrick/httpserver.rb:104:in `service'
  /System/Library/Frameworks/Ruby.framework/Versions/1.8/usr/lib/ruby/1.8/webrick/httpserver.rb:65:in `run'
  /System/Library/Frameworks/Ruby.framework/Versions/1.8/usr/lib/ruby/1.8/webrick/server.rb:173:in `start_thread'
  /System/Library/Frameworks/Ruby.framework/Versions/1.8/usr/lib/ruby/1.8/webrick/server.rb:162:in `start'
  /System/Library/Frameworks/Ruby.framework/Versions/1.8/usr/lib/ruby/1.8/webrick/server.rb:162:in `start_thread'
  /System/Library/Frameworks/Ruby.framework/Versions/1.8/usr/lib/ruby/1.8/webrick/server.rb:95:in `start'
  /System/Library/Frameworks/Ruby.framework/Versions/1.8/usr/lib/ruby/1.8/webrick/server.rb:92:in `each'
  /System/Library/Frameworks/Ruby.framework/Versions/1.8/usr/lib/ruby/1.8/webrick/server.rb:92:in `start'
  /System/Library/Frameworks/Ruby.framework/Versions/1.8/usr/lib/ruby/1.8/webrick/server.rb:23:in `start'
  /System/Library/Frameworks/Ruby.framework/Versions/1.8/usr/lib/ruby/1.8/webrick/server.rb:82:in `start'

Rendering rescues/layout (not_found)


Processing SessionsController#javascript to js (for ::1 at 2009-03-24 23:54:32) [GET]
  Parameters: {"format"=>"js", "action"=>"javascript", "id"=>"application", "controller"=>"sessions"}

ActionController::UnknownAction (No action responded to javascript. Actions: create, destroy, and new):
  /System/Library/Frameworks/Ruby.framework/Versions/1.8/usr/lib/ruby/1.8/webrick/httpserver.rb:104:in `service'
  /System/Library/Frameworks/Ruby.framework/Versions/1.8/usr/lib/ruby/1.8/webrick/httpserver.rb:65:in `run'
  /System/Library/Frameworks/Ruby.framework/Versions/1.8/usr/lib/ruby/1.8/webrick/server.rb:173:in `start_thread'
  /System/Library/Frameworks/Ruby.framework/Versions/1.8/usr/lib/ruby/1.8/webrick/server.rb:162:in `start'
  /System/Library/Frameworks/Ruby.framework/Versions/1.8/usr/lib/ruby/1.8/webrick/server.rb:162:in `start_thread'
  /System/Library/Frameworks/Ruby.framework/Versions/1.8/usr/lib/ruby/1.8/webrick/server.rb:95:in `start'
  /System/Library/Frameworks/Ruby.framework/Versions/1.8/usr/lib/ruby/1.8/webrick/server.rb:92:in `each'
  /System/Library/Frameworks/Ruby.framework/Versions/1.8/usr/lib/ruby/1.8/webrick/server.rb:92:in `start'
  /System/Library/Frameworks/Ruby.framework/Versions/1.8/usr/lib/ruby/1.8/webrick/server.rb:23:in `start'
  /System/Library/Frameworks/Ruby.framework/Versions/1.8/usr/lib/ruby/1.8/webrick/server.rb:82:in `start'

Rendering rescues/layout (not_found)


Processing DashboardController#index (for 127.0.0.1 at 2009-03-24 23:59:34) [GET]
  Parameters: {"action"=>"index", "controller"=>"dashboard"}
Rendering template within layouts/application
Rendering dashboard/index
Completed in 12ms (View: 10, DB: 0) | 200 OK [http://localhost/]


Processing ApplicationController#index (for 127.0.0.1 at 2009-03-24 23:59:34) [GET]

ActionController::RoutingError (No route matches "/javascript/jquery-1.3.1.js" with {:method=>:get}):
  

Rendering rescues/layout (not_found)


Processing ApplicationController#index (for 127.0.0.1 at 2009-03-24 23:59:34) [GET]

ActionController::RoutingError (No route matches "/javascript/application.js" with {:method=>:get}):
  

Rendering rescues/layout (not_found)


Processing ApplicationController#index (for 127.0.0.1 at 2009-03-24 23:59:35) [GET]

ActionController::RoutingError (No route matches "/home.html" with {:method=>:get}):
  

Rendering rescues/layout (not_found)
  [4;36;1mSQL (0.6ms)[0m   [0;1m SELECT name
 FROM sqlite_master
 WHERE type = 'table' AND NOT name = 'sqlite_sequence'
[0m
  [4;35;1mSQL (0.3ms)[0m   [0mSELECT version FROM schema_migrations[0m
Migrating to CreateDiscussions (20090322040757)
Migrating to CreateDocuments (20090322041110)
Migrating to CreateBlogs (20090322042928)
Migrating to AddParentIdToDocuments (20090324042544)
Migrating to CreateBlogComments (20090324043849)
Migrating to CreateUsers (20090324044425)
Migrating to AddAuthorIdToBlog (20090324044638)
Migrating to AddAuthorIdAndIndexToDocument (20090324045014)
Migrating to AddBlogIdToBlogComments (20090325050718)
Migrating to CreateDocumentComments (20090325051318)
  [4;36;1mSQL (0.1ms)[0m   [0;1mselect sqlite_version(*)[0m
  [4;35;1mSQL (0.3ms)[0m   [0m SELECT name
 FROM sqlite_master
 WHERE type = 'table' AND NOT name = 'sqlite_sequence'
[0m
  [4;36;1mSQL (0.3ms)[0m   [0;1mSELECT version FROM schema_migrations[0m
  [4;35;1mSQL (0.2ms)[0m   [0m SELECT name
 FROM sqlite_master
 WHERE type = 'table' AND NOT name = 'sqlite_sequence'
[0m
  [4;36;1mSQL (0.0ms)[0m   [0;1mPRAGMA index_list("blog_comments")[0m
  [4;35;1mSQL (0.0ms)[0m   [0mPRAGMA index_list("blogs")[0m
  [4;36;1mSQL (0.0ms)[0m   [0;1mPRAGMA index_list("discussions")[0m
  [4;35;1mSQL (0.0ms)[0m   [0mPRAGMA index_list("document_comments")[0m
  [4;36;1mSQL (0.0ms)[0m   [0;1mPRAGMA index_list("documents")[0m
  [4;35;1mSQL (0.1ms)[0m   [0mPRAGMA index_list("users")[0m
  [4;36;1mSQL (0.1ms)[0m   [0;1mPRAGMA index_info('index_users_on_login')[0m


Processing DashboardController#index (for 127.0.0.1 at 2009-03-30 22:19:38) [GET]
  Parameters: {"action"=>"index", "controller"=>"dashboard"}
Rendering template within layouts/application
Rendering dashboard/index
Completed in 21ms (View: 17, DB: 0) | 200 OK [http://localhost/]


Processing DashboardController#index (for 127.0.0.1 at 2009-03-30 22:42:11) [GET]
  Parameters: {"action"=>"index", "controller"=>"dashboard"}
Rendering template within layouts/application
Rendering dashboard/index
Completed in 10ms (View: 9, DB: 0) | 200 OK [http://localhost/]


Processing DashboardController#index (for 127.0.0.1 at 2009-03-30 22:47:27) [GET]
  Parameters: {"action"=>"index", "controller"=>"dashboard"}
Rendering template within layouts/application
Rendering dashboard/index
Completed in 11ms (View: 9, DB: 0) | 200 OK [http://localhost/]


Processing DashboardController#index (for 127.0.0.1 at 2009-03-30 22:49:53) [GET]
  Parameters: {"action"=>"index", "controller"=>"dashboard"}
Rendering template within layouts/application
Rendering dashboard/index
Completed in 54ms (View: 52, DB: 0) | 200 OK [http://localhost/]


Processing DiscussionsController#index (for 127.0.0.1 at 2009-03-30 22:50:11) [GET]
  Parameters: {"action"=>"index", "controller"=>"discussions"}
Redirected to http://localhost:3000/session/new
Filter chain halted as [:login_required] rendered_or_redirected.
Completed in 54ms (DB: 0) | 302 Found [http://localhost/discussions]


Processing SessionsController#new (for 127.0.0.1 at 2009-03-30 22:50:11) [GET]
  Parameters: {"action"=>"new", "controller"=>"sessions"}
Rendering template within layouts/application
Rendering sessions/new
Completed in 20ms (View: 18, DB: 0) | 200 OK [http://localhost/session/new]


Processing SessionsController#create (for 127.0.0.1 at 2009-03-30 22:50:14) [POST]
  Parameters: {"commit"=>"Log in", "action"=>"create", "authenticity_token"=>"6+EJQwM1nlhdmVzNFezdYe+9/AfxHvZJbhSvQFqQP68=", "controller"=>"sessions", "login"=>"admin", "password"=>"[FILTERED]"}
  [4;36;1mUser Load (0.3ms)[0m   [0;1mSELECT * FROM "users" WHERE ("users"."login" = 'admin') LIMIT 1[0m
Failed login for 'admin' from 127.0.0.1 at Tue Mar 31 04:50:14 UTC 2009
Rendering template within layouts/application
Rendering sessions/new
Completed in 126ms (View: 10, DB: 0) | 200 OK [http://localhost/session]


Processing SessionsController#new (for 127.0.0.1 at 2009-03-30 22:50:34) [GET]
  Parameters: {"action"=>"new", "controller"=>"sessions"}
Rendering template within layouts/application
Rendering sessions/new
Completed in 8ms (View: 7, DB: 0) | 200 OK [http://localhost/session/new]


Processing DashboardController#index (for 127.0.0.1 at 2009-03-30 22:50:42) [GET]
  Parameters: {"action"=>"index", "controller"=>"dashboard"}
Rendering template within layouts/application
Rendering dashboard/index
Completed in 8ms (View: 7, DB: 0) | 200 OK [http://localhost/]


Processing DashboardController#index (for 127.0.0.1 at 2009-03-30 22:53:49) [GET]
  Parameters: {"action"=>"index", "controller"=>"dashboard"}
Rendering template within layouts/application
Rendering dashboard/index
Completed in 9ms (View: 7, DB: 0) | 200 OK [http://localhost/]


Processing BlogsController#index (for 127.0.0.1 at 2009-03-30 22:54:00) [GET]
  Parameters: {"action"=>"index", "controller"=>"blogs"}
Redirected to http://localhost:3000/session/new
Filter chain halted as [:login_required] rendered_or_redirected.
Completed in 1ms (DB: 0) | 302 Found [http://localhost/blogs]


Processing SessionsController#new (for 127.0.0.1 at 2009-03-30 22:54:00) [GET]
  Parameters: {"action"=>"new", "controller"=>"sessions"}
Rendering template within layouts/application
Rendering sessions/new
Completed in 9ms (View: 7, DB: 0) | 200 OK [http://localhost/session/new]


Processing DocumentsController#index (for 127.0.0.1 at 2009-03-30 22:54:01) [GET]
  Parameters: {"action"=>"index", "controller"=>"documents"}
Redirected to http://localhost:3000/session/new
Filter chain halted as [:login_required] rendered_or_redirected.
Completed in 1ms (DB: 0) | 302 Found [http://localhost/documents]


Processing SessionsController#new (for 127.0.0.1 at 2009-03-30 22:54:01) [GET]
  Parameters: {"action"=>"new", "controller"=>"sessions"}
Rendering template within layouts/application
Rendering sessions/new
Completed in 9ms (View: 7, DB: 0) | 200 OK [http://localhost/session/new]


Processing DashboardController#index (for 127.0.0.1 at 2009-03-30 22:54:09) [GET]
  Parameters: {"action"=>"index", "controller"=>"dashboard"}
Rendering template within layouts/application
Rendering dashboard/index
Completed in 9ms (View: 7, DB: 0) | 200 OK [http://localhost/]


Processing DashboardController#index (for 127.0.0.1 at 2009-03-30 22:54:27) [GET]
  Parameters: {"action"=>"index", "controller"=>"dashboard"}
Rendering template within layouts/application
Rendering dashboard/index
Completed in 8ms (View: 7, DB: 0) | 200 OK [http://localhost/]


Processing ApplicationController#index (for 127.0.0.1 at 2009-03-30 22:57:51) [GET]

ActionController::RoutingError (No route matches "/create" with {:method=>:get}):
  

Rendering rescues/layout (not_found)


Processing UsersController#new (for 127.0.0.1 at 2009-03-30 22:58:02) [GET]
  Parameters: {"action"=>"new", "controller"=>"users"}
Rendering template within layouts/application
Rendering users/new
Completed in 38ms (View: 29, DB: 0) | 200 OK [http://localhost/signup]


Processing UsersController#create (for 127.0.0.1 at 2009-03-30 22:58:25) [POST]
  Parameters: {"user"=>{"password_confirmation"=>"[FILTERED]", "password"=>"[FILTERED]", "login"=>"bb", "email"=>"blbigelow@gmail.com"}, "commit"=>"Sign up", "action"=>"create", "authenticity_token"=>"6+EJQwM1nlhdmVzNFezdYe+9/AfxHvZJbhSvQFqQP68=", "controller"=>"users"}
  [4;35;1mUser Exists (0.1ms)[0m   [0mSELECT "users".id FROM "users" WHERE ("users"."login" = 'bb') LIMIT 1[0m
  [4;36;1mUser Exists (0.1ms)[0m   [0;1mSELECT "users".id FROM "users" WHERE ("users"."email" = 'blbigelow@gmail.com') LIMIT 1[0m
Rendering template within layouts/application
Rendering users/new
Completed in 20ms (View: 6, DB: 0) | 200 OK [http://localhost/users]


Processing UsersController#create (for 127.0.0.1 at 2009-03-30 22:58:39) [POST]
  Parameters: {"user"=>{"password_confirmation"=>"[FILTERED]", "password"=>"[FILTERED]", "login"=>"bbigelow", "email"=>"blbigelow@gmail.com"}, "commit"=>"Sign up", "action"=>"create", "authenticity_token"=>"6+EJQwM1nlhdmVzNFezdYe+9/AfxHvZJbhSvQFqQP68=", "controller"=>"users"}
  [4;35;1mUser Exists (0.1ms)[0m   [0mSELECT "users".id FROM "users" WHERE ("users"."login" = 'bbigelow') LIMIT 1[0m
  [4;36;1mUser Exists (0.1ms)[0m   [0;1mSELECT "users".id FROM "users" WHERE ("users"."email" = 'blbigelow@gmail.com') LIMIT 1[0m
  [4;35;1mUser Create (0.6ms)[0m   [0mINSERT INTO "users" ("name", "salt", "updated_at", "crypted_password", "remember_token_expires_at", "remember_token", "login", "email", "created_at") VALUES('', '6f531f26c230eb170a26e711c066c444c3a8bb73', '2009-03-31 04:58:39', 'b1764c4feacd03a8dc839f01f9eeb37f9dade651', NULL, NULL, 'bbigelow', 'blbigelow@gmail.com', '2009-03-31 04:58:39')[0m
Redirected to http://localhost:3000/documents
Completed in 55ms (DB: 1) | 302 Found [http://localhost/users]


Processing DocumentsController#index (for 127.0.0.1 at 2009-03-30 22:58:39) [GET]
  Parameters: {"action"=>"index", "controller"=>"documents"}
  [4;36;1mUser Load (0.3ms)[0m   [0;1mSELECT * FROM "users" WHERE ("users"."id" = 1) LIMIT 1[0m
configured index for class Document:
{:user_default_field=>nil, :enabled=>true, :fields=>[:title, :body], :index_dir=>"/Users/bbigelow/dev/zebra/index/development/document", :mysql_fast_batches=>true, :name=>:document, :single_index=>false, :reindex_batch_size=>1000, :raise_drb_errors=>false, :registered_models=>[], :ferret=>{:auto_flush=>true, :path=>"/Users/bbigelow/dev/zebra/index/development/document", :or_default=>false, :key=>:key, :handle_parse_errors=>true, :create_if_missing=>true, :default_field=>nil}, :ferret_fields=>{:body=>{:highlight=>:yes, :index=>:yes, :boost=>1.0, :via=>:body, :store=>:no, :term_vector=>:with_positions_offsets}, :title=>{:highlight=>:yes, :index=>:yes, :boost=>1.0, :via=>:title, :store=>:no, :term_vector=>:with_positions_offsets}}}
  [4;35;1mDocument Load (0.2ms)[0m   [0mSELECT * FROM "documents" [0m
Rendering template within layouts/documents
Rendering documents/index
Completed in 38ms (View: 22, DB: 0) | 200 OK [http://localhost/documents]


Processing DocumentsController#index (for 127.0.0.1 at 2009-03-30 22:58:48) [GET]
  Parameters: {"action"=>"index", "controller"=>"documents"}
  [4;36;1mUser Load (0.2ms)[0m   [0;1mSELECT * FROM "users" WHERE ("users"."id" = 1) LIMIT 1[0m
configured index for class Document:
{:user_default_field=>nil, :enabled=>true, :fields=>[:title, :body], :index_dir=>"/Users/bbigelow/dev/zebra/index/development/document", :mysql_fast_batches=>true, :name=>:document, :single_index=>false, :reindex_batch_size=>1000, :raise_drb_errors=>false, :registered_models=>[], :ferret=>{:auto_flush=>true, :path=>"/Users/bbigelow/dev/zebra/index/development/document", :or_default=>false, :key=>:key, :handle_parse_errors=>true, :create_if_missing=>true, :default_field=>nil}, :ferret_fields=>{:body=>{:highlight=>:yes, :index=>:yes, :boost=>1.0, :via=>:body, :store=>:no, :term_vector=>:with_positions_offsets}, :title=>{:highlight=>:yes, :index=>:yes, :boost=>1.0, :via=>:title, :store=>:no, :term_vector=>:with_positions_offsets}}}
  [4;35;1mDocument Load (0.2ms)[0m   [0mSELECT * FROM "documents" [0m
Rendering template within layouts/documents
Rendering documents/index
Completed in 18ms (View: 3, DB: 0) | 200 OK [http://localhost/documents]


Processing DocumentsController#show (for 127.0.0.1 at 2009-03-30 22:58:59) [GET]
  Parameters: {"action"=>"show", "id"=>"index", "controller"=>"documents"}
  [4;36;1mUser Load (0.3ms)[0m   [0;1mSELECT * FROM "users" WHERE ("users"."id" = 1) LIMIT 1[0m
configured index for class Document:
{:user_default_field=>nil, :enabled=>true, :fields=>[:title, :body], :index_dir=>"/Users/bbigelow/dev/zebra/index/development/document", :mysql_fast_batches=>true, :name=>:document, :single_index=>false, :reindex_batch_size=>1000, :raise_drb_errors=>false, :registered_models=>[], :ferret=>{:auto_flush=>true, :path=>"/Users/bbigelow/dev/zebra/index/development/document", :or_default=>false, :key=>:key, :handle_parse_errors=>true, :create_if_missing=>true, :default_field=>nil}, :ferret_fields=>{:body=>{:highlight=>:yes, :index=>:yes, :boost=>1.0, :via=>:body, :store=>:no, :term_vector=>:with_positions_offsets}, :title=>{:highlight=>:yes, :index=>:yes, :boost=>1.0, :via=>:title, :store=>:no, :term_vector=>:with_positions_offsets}}}
  [4;35;1mDocument Load (0.1ms)[0m   [0mSELECT * FROM "documents" WHERE ("documents"."id" = 0) [0m

ActiveRecord::RecordNotFound (Couldn't find Document with ID=index):
  app/controllers/documents_controller.rb:18:in `show'

Rendered rescues/_trace (27.9ms)
Rendered rescues/_request_and_response (1.3ms)
Rendering rescues/layout (not_found)


Processing DocumentsController#show (for 127.0.0.1 at 2009-03-30 22:59:41) [GET]
  Parameters: {"action"=>"show", "id"=>"list", "controller"=>"documents"}
  [4;36;1mUser Load (0.2ms)[0m   [0;1mSELECT * FROM "users" WHERE ("users"."id" = 1) LIMIT 1[0m
configured index for class Document:
{:user_default_field=>nil, :enabled=>true, :fields=>[:title, :body], :index_dir=>"/Users/bbigelow/dev/zebra/index/development/document", :mysql_fast_batches=>true, :name=>:document, :single_index=>false, :reindex_batch_size=>1000, :raise_drb_errors=>false, :registered_models=>[], :ferret=>{:auto_flush=>true, :path=>"/Users/bbigelow/dev/zebra/index/development/document", :or_default=>false, :key=>:key, :handle_parse_errors=>true, :create_if_missing=>true, :default_field=>nil}, :ferret_fields=>{:body=>{:highlight=>:yes, :index=>:yes, :boost=>1.0, :via=>:body, :store=>:no, :term_vector=>:with_positions_offsets}, :title=>{:highlight=>:yes, :index=>:yes, :boost=>1.0, :via=>:title, :store=>:no, :term_vector=>:with_positions_offsets}}}
  [4;35;1mDocument Load (0.1ms)[0m   [0mSELECT * FROM "documents" WHERE ("documents"."id" = 0) [0m

ActiveRecord::RecordNotFound (Couldn't find Document with ID=list):
  app/controllers/documents_controller.rb:18:in `show'

Rendered rescues/_trace (83.9ms)
Rendered rescues/_request_and_response (0.3ms)
Rendering rescues/layout (not_found)


Processing DocumentsController#index (for 127.0.0.1 at 2009-03-30 22:59:47) [GET]
  Parameters: {"action"=>"index", "controller"=>"documents"}
  [4;36;1mUser Load (0.3ms)[0m   [0;1mSELECT * FROM "users" WHERE ("users"."id" = 1) LIMIT 1[0m
configured index for class Document:
{:user_default_field=>nil, :enabled=>true, :fields=>[:title, :body], :index_dir=>"/Users/bbigelow/dev/zebra/index/development/document", :mysql_fast_batches=>true, :name=>:document, :single_index=>false, :reindex_batch_size=>1000, :raise_drb_errors=>false, :registered_models=>[], :ferret=>{:auto_flush=>true, :path=>"/Users/bbigelow/dev/zebra/index/development/document", :or_default=>false, :key=>:key, :handle_parse_errors=>true, :create_if_missing=>true, :default_field=>nil}, :ferret_fields=>{:body=>{:highlight=>:yes, :index=>:yes, :boost=>1.0, :via=>:body, :store=>:no, :term_vector=>:with_positions_offsets}, :title=>{:highlight=>:yes, :index=>:yes, :boost=>1.0, :via=>:title, :store=>:no, :term_vector=>:with_positions_offsets}}}
  [4;35;1mDocument Load (0.1ms)[0m   [0mSELECT * FROM "documents" [0m
Rendering template within layouts/documents
Rendering documents/index
Completed in 18ms (View: 3, DB: 0) | 200 OK [http://localhost/documents]


Processing DocumentsController#index (for 127.0.0.1 at 2009-03-30 23:01:33) [GET]
  Parameters: {"action"=>"index", "controller"=>"documents"}
  [4;36;1mUser Load (0.2ms)[0m   [0;1mSELECT * FROM "users" WHERE ("users"."id" = 1) LIMIT 1[0m
configured index for class Document:
{:user_default_field=>nil, :enabled=>true, :fields=>[:title, :body], :index_dir=>"/Users/bbigelow/dev/zebra/index/development/document", :mysql_fast_batches=>true, :name=>:document, :single_index=>false, :reindex_batch_size=>1000, :raise_drb_errors=>false, :registered_models=>[], :ferret=>{:auto_flush=>true, :path=>"/Users/bbigelow/dev/zebra/index/development/document", :or_default=>false, :key=>:key, :handle_parse_errors=>true, :create_if_missing=>true, :default_field=>nil}, :ferret_fields=>{:body=>{:highlight=>:yes, :index=>:yes, :boost=>1.0, :via=>:body, :store=>:no, :term_vector=>:with_positions_offsets}, :title=>{:highlight=>:yes, :index=>:yes, :boost=>1.0, :via=>:title, :store=>:no, :term_vector=>:with_positions_offsets}}}
  [4;35;1mDocument Load (0.2ms)[0m   [0mSELECT * FROM "documents" [0m
Rendering template within layouts/application
Rendering documents/index
Completed in 21ms (View: 7, DB: 0) | 200 OK [http://localhost/documents]


Processing DiscussionsController#index (for 127.0.0.1 at 2009-03-30 23:01:39) [GET]
  Parameters: {"action"=>"index", "controller"=>"discussions"}
  [4;36;1mUser Load (0.2ms)[0m   [0;1mSELECT * FROM "users" WHERE ("users"."id" = 1) LIMIT 1[0m
configured index for class Discussion:
{:user_default_field=>nil, :enabled=>true, :fields=>[:title, :body], :index_dir=>"/Users/bbigelow/dev/zebra/index/development/discussion", :mysql_fast_batches=>true, :name=>:discussion, :single_index=>false, :reindex_batch_size=>1000, :raise_drb_errors=>false, :registered_models=>[], :ferret=>{:auto_flush=>true, :path=>"/Users/bbigelow/dev/zebra/index/development/discussion", :or_default=>false, :key=>:key, :handle_parse_errors=>true, :create_if_missing=>true, :default_field=>nil}, :ferret_fields=>{:body=>{:highlight=>:yes, :index=>:yes, :boost=>1.0, :via=>:body, :store=>:no, :term_vector=>:with_positions_offsets}, :title=>{:highlight=>:yes, :index=>:yes, :boost=>1.0, :via=>:title, :store=>:no, :term_vector=>:with_positions_offsets}}}
  [4;35;1mDiscussion Load (0.2ms)[0m   [0mSELECT * FROM "discussions" [0m
Rendering template within layouts/application
Rendering discussions/index
Completed in 53ms (View: 38, DB: 0) | 200 OK [http://localhost/discussions]


Processing BlogsController#index (for 127.0.0.1 at 2009-03-30 23:01:40) [GET]
  Parameters: {"action"=>"index", "controller"=>"blogs"}
  [4;36;1mUser Load (0.2ms)[0m   [0;1mSELECT * FROM "users" WHERE ("users"."id" = 1) LIMIT 1[0m
configured index for class Blog:
{:user_default_field=>nil, :enabled=>true, :fields=>[:title, :body], :index_dir=>"/Users/bbigelow/dev/zebra/index/development/blog", :mysql_fast_batches=>true, :name=>:blog, :single_index=>false, :reindex_batch_size=>1000, :raise_drb_errors=>false, :registered_models=>[], :ferret=>{:auto_flush=>true, :path=>"/Users/bbigelow/dev/zebra/index/development/blog", :or_default=>false, :key=>:key, :handle_parse_errors=>true, :create_if_missing=>true, :default_field=>nil}, :ferret_fields=>{:body=>{:highlight=>:yes, :index=>:yes, :boost=>1.0, :via=>:body, :store=>:no, :term_vector=>:with_positions_offsets}, :title=>{:highlight=>:yes, :index=>:yes, :boost=>1.0, :via=>:title, :store=>:no, :term_vector=>:with_positions_offsets}}}
  [4;35;1mBlog Load (0.1ms)[0m   [0mSELECT * FROM "blogs" [0m
Rendering template within layouts/application
Rendering blogs/index
Completed in 48ms (View: 33, DB: 0) | 200 OK [http://localhost/blogs]


Processing DocumentsController#index (for 127.0.0.1 at 2009-03-30 23:01:41) [GET]
  Parameters: {"action"=>"index", "controller"=>"documents"}
  [4;36;1mUser Load (0.2ms)[0m   [0;1mSELECT * FROM "users" WHERE ("users"."id" = 1) LIMIT 1[0m
configured index for class Document:
{:user_default_field=>nil, :enabled=>true, :fields=>[:title, :body], :index_dir=>"/Users/bbigelow/dev/zebra/index/development/document", :mysql_fast_batches=>true, :name=>:document, :single_index=>false, :reindex_batch_size=>1000, :raise_drb_errors=>false, :registered_models=>[], :ferret=>{:auto_flush=>true, :path=>"/Users/bbigelow/dev/zebra/index/development/document", :or_default=>false, :key=>:key, :handle_parse_errors=>true, :create_if_missing=>true, :default_field=>nil}, :ferret_fields=>{:body=>{:highlight=>:yes, :index=>:yes, :boost=>1.0, :via=>:body, :store=>:no, :term_vector=>:with_positions_offsets}, :title=>{:highlight=>:yes, :index=>:yes, :boost=>1.0, :via=>:title, :store=>:no, :term_vector=>:with_positions_offsets}}}
  [4;35;1mDocument Load (0.1ms)[0m   [0mSELECT * FROM "documents" [0m
Rendering template within layouts/application
Rendering documents/index
Completed in 21ms (View: 6, DB: 0) | 200 OK [http://localhost/documents]


Processing BlogsController#index (for 127.0.0.1 at 2009-03-30 23:01:45) [GET]
  Parameters: {"action"=>"index", "controller"=>"blogs"}
  [4;36;1mUser Load (0.2ms)[0m   [0;1mSELECT * FROM "users" WHERE ("users"."id" = 1) LIMIT 1[0m
configured index for class Blog:
{:user_default_field=>nil, :enabled=>true, :fields=>[:title, :body], :index_dir=>"/Users/bbigelow/dev/zebra/index/development/blog", :mysql_fast_batches=>true, :name=>:blog, :single_index=>false, :reindex_batch_size=>1000, :raise_drb_errors=>false, :registered_models=>[], :ferret=>{:auto_flush=>true, :path=>"/Users/bbigelow/dev/zebra/index/development/blog", :or_default=>false, :key=>:key, :handle_parse_errors=>true, :create_if_missing=>true, :default_field=>nil}, :ferret_fields=>{:body=>{:highlight=>:yes, :index=>:yes, :boost=>1.0, :via=>:body, :store=>:no, :term_vector=>:with_positions_offsets}, :title=>{:highlight=>:yes, :index=>:yes, :boost=>1.0, :via=>:title, :store=>:no, :term_vector=>:with_positions_offsets}}}
  [4;35;1mBlog Load (0.2ms)[0m   [0mSELECT * FROM "blogs" [0m
Rendering template within layouts/application
Rendering blogs/index
Completed in 21ms (View: 6, DB: 0) | 200 OK [http://localhost/blogs]


Processing DiscussionsController#index (for 127.0.0.1 at 2009-03-30 23:01:47) [GET]
  Parameters: {"action"=>"index", "controller"=>"discussions"}
  [4;36;1mUser Load (0.3ms)[0m   [0;1mSELECT * FROM "users" WHERE ("users"."id" = 1) LIMIT 1[0m
configured index for class Discussion:
{:user_default_field=>nil, :enabled=>true, :fields=>[:title, :body], :index_dir=>"/Users/bbigelow/dev/zebra/index/development/discussion", :mysql_fast_batches=>true, :name=>:discussion, :single_index=>false, :reindex_batch_size=>1000, :raise_drb_errors=>false, :registered_models=>[], :ferret=>{:auto_flush=>true, :path=>"/Users/bbigelow/dev/zebra/index/development/discussion", :or_default=>false, :key=>:key, :handle_parse_errors=>true, :create_if_missing=>true, :default_field=>nil}, :ferret_fields=>{:body=>{:highlight=>:yes, :index=>:yes, :boost=>1.0, :via=>:body, :store=>:no, :term_vector=>:with_positions_offsets}, :title=>{:highlight=>:yes, :index=>:yes, :boost=>1.0, :via=>:title, :store=>:no, :term_vector=>:with_positions_offsets}}}
  [4;35;1mDiscussion Load (0.2ms)[0m   [0mSELECT * FROM "discussions" [0m
Rendering template within layouts/application
Rendering discussions/index
Completed in 72ms (View: 7, DB: 0) | 200 OK [http://localhost/discussions]


Processing DiscussionsController#index (for 127.0.0.1 at 2009-03-30 23:02:01) [GET]
  Parameters: {"action"=>"index", "controller"=>"discussions"}
  [4;36;1mUser Load (0.2ms)[0m   [0;1mSELECT * FROM "users" WHERE ("users"."id" = 1) LIMIT 1[0m
configured index for class Discussion:
{:user_default_field=>nil, :enabled=>true, :fields=>[:title, :body], :index_dir=>"/Users/bbigelow/dev/zebra/index/development/discussion", :mysql_fast_batches=>true, :name=>:discussion, :single_index=>false, :reindex_batch_size=>1000, :raise_drb_errors=>false, :registered_models=>[], :ferret=>{:auto_flush=>true, :path=>"/Users/bbigelow/dev/zebra/index/development/discussion", :or_default=>false, :key=>:key, :handle_parse_errors=>true, :create_if_missing=>true, :default_field=>nil}, :ferret_fields=>{:body=>{:highlight=>:yes, :index=>:yes, :boost=>1.0, :via=>:body, :store=>:no, :term_vector=>:with_positions_offsets}, :title=>{:highlight=>:yes, :index=>:yes, :boost=>1.0, :via=>:title, :store=>:no, :term_vector=>:with_positions_offsets}}}
  [4;35;1mDiscussion Load (0.2ms)[0m   [0mSELECT * FROM "discussions" [0m
Rendering template within layouts/application
Rendering discussions/index
Completed in 21ms (View: 7, DB: 0) | 200 OK [http://localhost/discussions]


Processing BlogsController#index (for 127.0.0.1 at 2009-03-30 23:03:37) [GET]
  Parameters: {"action"=>"index", "controller"=>"blogs"}
  [4;36;1mUser Load (0.2ms)[0m   [0;1mSELECT * FROM "users" WHERE ("users"."id" = 1) LIMIT 1[0m
configured index for class Blog:
{:user_default_field=>nil, :enabled=>true, :fields=>[:title, :body], :index_dir=>"/Users/bbigelow/dev/zebra/index/development/blog", :mysql_fast_batches=>true, :name=>:blog, :single_index=>false, :reindex_batch_size=>1000, :raise_drb_errors=>false, :registered_models=>[], :ferret=>{:auto_flush=>true, :path=>"/Users/bbigelow/dev/zebra/index/development/blog", :or_default=>false, :key=>:key, :handle_parse_errors=>true, :create_if_missing=>true, :default_field=>nil}, :ferret_fields=>{:body=>{:highlight=>:yes, :index=>:yes, :boost=>1.0, :via=>:body, :store=>:no, :term_vector=>:with_positions_offsets}, :title=>{:highlight=>:yes, :index=>:yes, :boost=>1.0, :via=>:title, :store=>:no, :term_vector=>:with_positions_offsets}}}
  [4;35;1mBlog Load (0.1ms)[0m   [0mSELECT * FROM "blogs" [0m
Rendering template within layouts/application
Rendering blogs/index
Completed in 21ms (View: 7, DB: 0) | 200 OK [http://localhost/blogs]


Processing DocumentsController#index (for 127.0.0.1 at 2009-03-30 23:03:39) [GET]
  Parameters: {"action"=>"index", "controller"=>"documents"}
  [4;36;1mUser Load (0.2ms)[0m   [0;1mSELECT * FROM "users" WHERE ("users"."id" = 1) LIMIT 1[0m
configured index for class Document:
{:user_default_field=>nil, :enabled=>true, :fields=>[:title, :body], :index_dir=>"/Users/bbigelow/dev/zebra/index/development/document", :mysql_fast_batches=>true, :name=>:document, :single_index=>false, :reindex_batch_size=>1000, :raise_drb_errors=>false, :registered_models=>[], :ferret=>{:auto_flush=>true, :path=>"/Users/bbigelow/dev/zebra/index/development/document", :or_default=>false, :key=>:key, :handle_parse_errors=>true, :create_if_missing=>true, :default_field=>nil}, :ferret_fields=>{:body=>{:highlight=>:yes, :index=>:yes, :boost=>1.0, :via=>:body, :store=>:no, :term_vector=>:with_positions_offsets}, :title=>{:highlight=>:yes, :index=>:yes, :boost=>1.0, :via=>:title, :store=>:no, :term_vector=>:with_positions_offsets}}}
  [4;35;1mDocument Load (0.2ms)[0m   [0mSELECT * FROM "documents" [0m
Rendering template within layouts/application
Rendering documents/index
Completed in 21ms (View: 7, DB: 0) | 200 OK [http://localhost/documents]


Processing DiscussionsController#index (for 127.0.0.1 at 2009-03-30 23:03:42) [GET]
  Parameters: {"action"=>"index", "controller"=>"discussions"}
  [4;36;1mUser Load (0.2ms)[0m   [0;1mSELECT * FROM "users" WHERE ("users"."id" = 1) LIMIT 1[0m
configured index for class Discussion:
{:user_default_field=>nil, :enabled=>true, :fields=>[:title, :body], :index_dir=>"/Users/bbigelow/dev/zebra/index/development/discussion", :mysql_fast_batches=>true, :name=>:discussion, :single_index=>false, :reindex_batch_size=>1000, :raise_drb_errors=>false, :registered_models=>[], :ferret=>{:auto_flush=>true, :path=>"/Users/bbigelow/dev/zebra/index/development/discussion", :or_default=>false, :key=>:key, :handle_parse_errors=>true, :create_if_missing=>true, :default_field=>nil}, :ferret_fields=>{:body=>{:highlight=>:yes, :index=>:yes, :boost=>1.0, :via=>:body, :store=>:no, :term_vector=>:with_positions_offsets}, :title=>{:highlight=>:yes, :index=>:yes, :boost=>1.0, :via=>:title, :store=>:no, :term_vector=>:with_positions_offsets}}}
  [4;35;1mDiscussion Load (0.2ms)[0m   [0mSELECT * FROM "discussions" [0m
Rendering template within layouts/application
Rendering discussions/index
Completed in 22ms (View: 7, DB: 0) | 200 OK [http://localhost/discussions]


Processing DiscussionsController#new (for 127.0.0.1 at 2009-03-30 23:06:58) [GET]
  Parameters: {"action"=>"new", "controller"=>"discussions"}
  [4;36;1mUser Load (0.2ms)[0m   [0;1mSELECT * FROM "users" WHERE ("users"."id" = 1) LIMIT 1[0m
configured index for class Discussion:
{:user_default_field=>nil, :enabled=>true, :fields=>[:title, :body], :index_dir=>"/Users/bbigelow/dev/zebra/index/development/discussion", :mysql_fast_batches=>true, :name=>:discussion, :single_index=>false, :reindex_batch_size=>1000, :raise_drb_errors=>false, :registered_models=>[], :ferret=>{:auto_flush=>true, :path=>"/Users/bbigelow/dev/zebra/index/development/discussion", :or_default=>false, :key=>:key, :handle_parse_errors=>true, :create_if_missing=>true, :default_field=>nil}, :ferret_fields=>{:body=>{:highlight=>:yes, :index=>:yes, :boost=>1.0, :via=>:body, :store=>:no, :term_vector=>:with_positions_offsets}, :title=>{:highlight=>:yes, :index=>:yes, :boost=>1.0, :via=>:title, :store=>:no, :term_vector=>:with_positions_offsets}}}
Rendering template within layouts/application
Rendering discussions/new
Completed in 367ms (View: 352, DB: 0) | 200 OK [http://localhost/discussions/new]


Processing DiscussionsController#index (for 127.0.0.1 at 2009-03-30 23:07:04) [GET]
  Parameters: {"action"=>"index", "controller"=>"discussions"}
  [4;35;1mUser Load (0.2ms)[0m   [0mSELECT * FROM "users" WHERE ("users"."id" = 1) LIMIT 1[0m
configured index for class Discussion:
{:user_default_field=>nil, :enabled=>true, :fields=>[:title, :body], :index_dir=>"/Users/bbigelow/dev/zebra/index/development/discussion", :mysql_fast_batches=>true, :name=>:discussion, :single_index=>false, :reindex_batch_size=>1000, :raise_drb_errors=>false, :registered_models=>[], :ferret=>{:auto_flush=>true, :path=>"/Users/bbigelow/dev/zebra/index/development/discussion", :or_default=>false, :key=>:key, :handle_parse_errors=>true, :create_if_missing=>true, :default_field=>nil}, :ferret_fields=>{:body=>{:highlight=>:yes, :index=>:yes, :boost=>1.0, :via=>:body, :store=>:no, :term_vector=>:with_positions_offsets}, :title=>{:highlight=>:yes, :index=>:yes, :boost=>1.0, :via=>:title, :store=>:no, :term_vector=>:with_positions_offsets}}}
  [4;36;1mDiscussion Load (0.1ms)[0m   [0;1mSELECT * FROM "discussions" [0m
Rendering template within layouts/application
Rendering discussions/index
Completed in 21ms (View: 7, DB: 0) | 200 OK [http://localhost/discussions]


Processing BlogsController#index (for 127.0.0.1 at 2009-03-30 23:07:08) [GET]
  Parameters: {"action"=>"index", "controller"=>"blogs"}
  [4;35;1mUser Load (0.2ms)[0m   [0mSELECT * FROM "users" WHERE ("users"."id" = 1) LIMIT 1[0m
configured index for class Blog:
{:user_default_field=>nil, :enabled=>true, :fields=>[:title, :body], :index_dir=>"/Users/bbigelow/dev/zebra/index/development/blog", :mysql_fast_batches=>true, :name=>:blog, :single_index=>false, :reindex_batch_size=>1000, :raise_drb_errors=>false, :registered_models=>[], :ferret=>{:auto_flush=>true, :path=>"/Users/bbigelow/dev/zebra/index/development/blog", :or_default=>false, :key=>:key, :handle_parse_errors=>true, :create_if_missing=>true, :default_field=>nil}, :ferret_fields=>{:body=>{:highlight=>:yes, :index=>:yes, :boost=>1.0, :via=>:body, :store=>:no, :term_vector=>:with_positions_offsets}, :title=>{:highlight=>:yes, :index=>:yes, :boost=>1.0, :via=>:title, :store=>:no, :term_vector=>:with_positions_offsets}}}
  [4;36;1mBlog Load (0.1ms)[0m   [0;1mSELECT * FROM "blogs" [0m
Rendering template within layouts/application
Rendering blogs/index
Completed in 22ms (View: 7, DB: 0) | 200 OK [http://localhost/blogs]


Processing DocumentsController#index (for 127.0.0.1 at 2009-03-30 23:07:09) [GET]
  Parameters: {"action"=>"index", "controller"=>"documents"}
  [4;35;1mUser Load (0.2ms)[0m   [0mSELECT * FROM "users" WHERE ("users"."id" = 1) LIMIT 1[0m
configured index for class Document:
{:user_default_field=>nil, :enabled=>true, :fields=>[:title, :body], :index_dir=>"/Users/bbigelow/dev/zebra/index/development/document", :mysql_fast_batches=>true, :name=>:document, :single_index=>false, :reindex_batch_size=>1000, :raise_drb_errors=>false, :registered_models=>[], :ferret=>{:auto_flush=>true, :path=>"/Users/bbigelow/dev/zebra/index/development/document", :or_default=>false, :key=>:key, :handle_parse_errors=>true, :create_if_missing=>true, :default_field=>nil}, :ferret_fields=>{:body=>{:highlight=>:yes, :index=>:yes, :boost=>1.0, :via=>:body, :store=>:no, :term_vector=>:with_positions_offsets}, :title=>{:highlight=>:yes, :index=>:yes, :boost=>1.0, :via=>:title, :store=>:no, :term_vector=>:with_positions_offsets}}}
  [4;36;1mDocument Load (0.1ms)[0m   [0;1mSELECT * FROM "documents" [0m
Rendering template within layouts/application
Rendering documents/index
Completed in 21ms (View: 6, DB: 0) | 200 OK [http://localhost/documents]


Processing DocumentsController#index (for 127.0.0.1 at 2009-03-30 23:07:36) [GET]
  Parameters: {"action"=>"index", "controller"=>"documents"}
  [4;35;1mUser Load (0.2ms)[0m   [0mSELECT * FROM "users" WHERE ("users"."id" = 1) LIMIT 1[0m
configured index for class Document:
{:user_default_field=>nil, :enabled=>true, :fields=>[:title, :body], :index_dir=>"/Users/bbigelow/dev/zebra/index/development/document", :mysql_fast_batches=>true, :name=>:document, :single_index=>false, :reindex_batch_size=>1000, :raise_drb_errors=>false, :registered_models=>[], :ferret=>{:auto_flush=>true, :path=>"/Users/bbigelow/dev/zebra/index/development/document", :or_default=>false, :key=>:key, :handle_parse_errors=>true, :create_if_missing=>true, :default_field=>nil}, :ferret_fields=>{:body=>{:highlight=>:yes, :index=>:yes, :boost=>1.0, :via=>:body, :store=>:no, :term_vector=>:with_positions_offsets}, :title=>{:highlight=>:yes, :index=>:yes, :boost=>1.0, :via=>:title, :store=>:no, :term_vector=>:with_positions_offsets}}}
  [4;36;1mDocument Load (0.1ms)[0m   [0;1mSELECT * FROM "documents" [0m
Rendering template within layouts/application
Rendering documents/index
Completed in 21ms (View: 7, DB: 0) | 200 OK [http://localhost/documents]


Processing DocumentsController#index (for 127.0.0.1 at 2009-03-30 23:07:38) [GET]
  Parameters: {"action"=>"index", "controller"=>"documents"}
  [4;35;1mUser Load (0.2ms)[0m   [0mSELECT * FROM "users" WHERE ("users"."id" = 1) LIMIT 1[0m
configured index for class Document:
{:user_default_field=>nil, :enabled=>true, :fields=>[:title, :body], :index_dir=>"/Users/bbigelow/dev/zebra/index/development/document", :mysql_fast_batches=>true, :name=>:document, :single_index=>false, :reindex_batch_size=>1000, :raise_drb_errors=>false, :registered_models=>[], :ferret=>{:auto_flush=>true, :path=>"/Users/bbigelow/dev/zebra/index/development/document", :or_default=>false, :key=>:key, :handle_parse_errors=>true, :create_if_missing=>true, :default_field=>nil}, :ferret_fields=>{:body=>{:highlight=>:yes, :index=>:yes, :boost=>1.0, :via=>:body, :store=>:no, :term_vector=>:with_positions_offsets}, :title=>{:highlight=>:yes, :index=>:yes, :boost=>1.0, :via=>:title, :store=>:no, :term_vector=>:with_positions_offsets}}}
  [4;36;1mDocument Load (0.2ms)[0m   [0;1mSELECT * FROM "documents" [0m
Rendering template within layouts/application
Rendering documents/index
Completed in 73ms (View: 7, DB: 0) | 200 OK [http://localhost/documents]


Processing DocumentsController#index (for 127.0.0.1 at 2009-03-30 23:07:39) [GET]
  Parameters: {"action"=>"index", "controller"=>"documents"}
  [4;35;1mUser Load (0.2ms)[0m   [0mSELECT * FROM "users" WHERE ("users"."id" = 1) LIMIT 1[0m
configured index for class Document:
{:user_default_field=>nil, :enabled=>true, :fields=>[:title, :body], :index_dir=>"/Users/bbigelow/dev/zebra/index/development/document", :mysql_fast_batches=>true, :name=>:document, :single_index=>false, :reindex_batch_size=>1000, :raise_drb_errors=>false, :registered_models=>[], :ferret=>{:auto_flush=>true, :path=>"/Users/bbigelow/dev/zebra/index/development/document", :or_default=>false, :key=>:key, :handle_parse_errors=>true, :create_if_missing=>true, :default_field=>nil}, :ferret_fields=>{:body=>{:highlight=>:yes, :index=>:yes, :boost=>1.0, :via=>:body, :store=>:no, :term_vector=>:with_positions_offsets}, :title=>{:highlight=>:yes, :index=>:yes, :boost=>1.0, :via=>:title, :store=>:no, :term_vector=>:with_positions_offsets}}}
  [4;36;1mDocument Load (0.1ms)[0m   [0;1mSELECT * FROM "documents" [0m
Rendering template within layouts/application
Rendering documents/index
Completed in 21ms (View: 7, DB: 0) | 200 OK [http://localhost/documents]


Processing DocumentsController#index (for 127.0.0.1 at 2009-03-30 23:07:40) [GET]
  Parameters: {"action"=>"index", "controller"=>"documents"}
  [4;35;1mUser Load (0.2ms)[0m   [0mSELECT * FROM "users" WHERE ("users"."id" = 1) LIMIT 1[0m
configured index for class Document:
{:user_default_field=>nil, :enabled=>true, :fields=>[:title, :body], :index_dir=>"/Users/bbigelow/dev/zebra/index/development/document", :mysql_fast_batches=>true, :name=>:document, :single_index=>false, :reindex_batch_size=>1000, :raise_drb_errors=>false, :registered_models=>[], :ferret=>{:auto_flush=>true, :path=>"/Users/bbigelow/dev/zebra/index/development/document", :or_default=>false, :key=>:key, :handle_parse_errors=>true, :create_if_missing=>true, :default_field=>nil}, :ferret_fields=>{:body=>{:highlight=>:yes, :index=>:yes, :boost=>1.0, :via=>:body, :store=>:no, :term_vector=>:with_positions_offsets}, :title=>{:highlight=>:yes, :index=>:yes, :boost=>1.0, :via=>:title, :store=>:no, :term_vector=>:with_positions_offsets}}}
  [4;36;1mDocument Load (0.2ms)[0m   [0;1mSELECT * FROM "documents" [0m
Rendering template within layouts/application
Rendering documents/index
Completed in 21ms (View: 7, DB: 0) | 200 OK [http://localhost/documents]


Processing DocumentsController#index (for 127.0.0.1 at 2009-03-30 23:07:40) [GET]
  Parameters: {"action"=>"index", "controller"=>"documents"}
  [4;35;1mUser Load (0.2ms)[0m   [0mSELECT * FROM "users" WHERE ("users"."id" = 1) LIMIT 1[0m
configured index for class Document:
{:user_default_field=>nil, :enabled=>true, :fields=>[:title, :body], :index_dir=>"/Users/bbigelow/dev/zebra/index/development/document", :mysql_fast_batches=>true, :name=>:document, :single_index=>false, :reindex_batch_size=>1000, :raise_drb_errors=>false, :registered_models=>[], :ferret=>{:auto_flush=>true, :path=>"/Users/bbigelow/dev/zebra/index/development/document", :or_default=>false, :key=>:key, :handle_parse_errors=>true, :create_if_missing=>true, :default_field=>nil}, :ferret_fields=>{:body=>{:highlight=>:yes, :index=>:yes, :boost=>1.0, :via=>:body, :store=>:no, :term_vector=>:with_positions_offsets}, :title=>{:highlight=>:yes, :index=>:yes, :boost=>1.0, :via=>:title, :store=>:no, :term_vector=>:with_positions_offsets}}}
  [4;36;1mDocument Load (0.1ms)[0m   [0;1mSELECT * FROM "documents" [0m
Rendering template within layouts/application
Rendering documents/index
Completed in 71ms (View: 56, DB: 0) | 200 OK [http://localhost/documents]


Processing DashboardController#index (for 127.0.0.1 at 2009-03-30 23:07:43) [GET]
  Parameters: {"action"=>"index", "controller"=>"dashboard"}
Rendering template within layouts/application
Rendering dashboard/index
Completed in 9ms (View: 7, DB: 0) | 200 OK [http://localhost/]
